/home/faraaz/bashScripts/network_check.sh: line 6: /home/faraaz/bashScripts/logs.txt: Permission denied
/home/faraaz/bashScripts/network_check.sh: line 10: /home/faraaz/bashScripts/logs.txt: Permission denied
/home/faraaz/bashScripts/network_check.sh: line 34: /home/faraaz/bashScripts/logs.txt: Permission denied
Post-reboot script execution completed.
 * Serving Flask app 'app'
 * Debug mode: off
Permission denied
/home/faraaz/bashScripts/network_check.sh: line 39: /home/faraaz/bashScripts/logs.txt: Permission denied
Connection failed, retrying: [Errno 101] Network is unreachable
Connection failed, retrying: [Errno 101] Network is unreachable
Connection failed, retrying: [Errno 101] Network is unreachable
Connection failed, retrying: [Errno 101] Network is unreachable
Connection failed, retrying: [Errno 101] Network is unreachable
Connection failed, retrying: [Errno 101] Network is unreachable
Connection failed, retrying: [Errno 101] Network is unreachable
Connection failed, retrying: [Errno 101] Network is unreachable
Connection failed, retrying: [Errno 101] Network is unreachable
Connection failed, retrying: [Errno 101] Network is unreachable
Connection failed, retrying: [Errno 101] Network is unreachable
Connection failed, retrying: [Errno 101] Network is unreachable
Connection failed, retrying: [Errno 101] Network is unreachable
Connection failed, retrying: [Errno 101] Network is unreachable
Connection failed, retrying: [Errno 101] Network is unreachable
Connection failed, retrying: [Errno 101] Network is unreachable
Connection failed, retrying: [Errno 101] Network is unreachable
Connection failed, retrying: [Errno 101] Network is unreachable
Connection failed, retrying: [Errno 101] Network is unreachable
Connection failed, retrying: [Errno 101] Network is unreachable
Connection failed, retrying: [Errno 101] Network is unreachable
Connection failed, retrying: [Errno 101] Network is unreachable
Connection failed, retrying: [Errno 101] Network is unreachable
Connection failed, retrying: [Errno 101] Network is unreachable
Connection failed, retrying: [Errno 101] Network is unreachable
Connection failed, retrying: [Errno 101] Network is unreachable
Connection failed, retrying: [Errno 101] Network is unreachable
Connection failed, retrying: [Errno 101] Network is unreachable
Connection failed, retrying: [Errno 101] Network is unreachable
Connection failed, retrying: [Errno 101] Network is unreachable
Connection failed, retrying: [Errno 101] Network is unreachable
Connection failed, retrying: [Errno 101] Network is unreachable
Connection failed, retrying: [Errno 101] Network is unreachable
Connection failed, retrying: [Errno 101] Network is unreachable
Connection failed, retrying: [Errno 101] Network is unreachable
Connection failed, retrying: [Errno 101] Network is unreachable
Connection failed, retrying: [Errno 101] Network is unreachable
Connection failed, retrying: [Errno 101] Network is unreachable
Connection failed, retrying: [Errno 101] Network is unreachable
Connection failed, retrying: [Errno 101] Network is unreachable
Connection failed, retrying: [Errno 101] Network is unreachable
Connection failed, retrying: [Errno 101] Network is unreachable
Connection failed, retrying: [Errno 101] Network is unreachable
Connection failed, retrying: [Errno 101] Network is unreachable
Connection failed, retrying: [Errno 101] Network is unreachable
Connection failed, retrying: [Errno 101] Network is unreachable
Connection failed, retrying: [Errno 101] Network is unreachable
Connection failed, retrying: [Errno 101] Network is unreachable
Connection failed, retrying: [Errno 101] Network is unreachable
Connection failed, retrying: [Errno 101] Network is unreachable
Connection failed, retrying: [Errno 101] Network is unreachable
Connection failed, retrying: [Errno 101] Network is unreachable
Connection failed, retrying: [Errno 101] Network is unreachable
Connection failed, retrying: [Errno 101] Network is unreachable
Connection failed, retrying: [Errno 101] Network is unreachable
Connection failed, retrying: [Errno 101] Network is unreachable
Connection failed, retrying: [Errno 101] Network is unreachable
Connection failed, retrying: [Errno 101] Network is unreachable
Connection failed, retrying: [Errno 101] Network is unreachable
Connection failed, retrying: [Errno 101] Network is unreachable
Connection failed, retrying: [Errno 101] Network is unreachable
Connection failed, retrying: [Errno 101] Network is unreachable
Connection failed, retrying: [Errno 101] Network is unreachable
Connection failed, retrying: [Errno 101] Network is unreachable
Connection failed, retrying: [Errno 101] Network is unreachable
Connection failed, retrying: [Errno 101] Network is unreachable
Connection failed, retrying: [Errno 101] Network is unreachable
Connection failed, retrying: [Errno 101] Network is unreachable
Connection failed, retrying: [Errno 101] Network is unreachable
Connection failed, retrying: [Errno 101] Network is unreachable
Connection failed, retrying: [Errno 101] Network is unreachable
Connection failed, retrying: [Errno 101] Network is unreachable
Connection failed, retrying: [Errno 101] Network is unreachable
Connection failed, retrying: [Errno 101] Network is unreachable
Connection failed, retrying: [Errno 101] Network is unreachable
Connection failed, retrying: [Errno 101] Network is unreachable
Connection failed, retrying: [Errno 101] Network is unreachable
Connection failed, retrying: [Errno 101] Network is unreachable
Connection failed, retrying: [Errno 101] Network is unreachable
Connection failed, retrying: [Errno 101] Network is unreachable
Connection failed, retrying: [Errno 101] Network is unreachable
Connection failed, retrying: [Errno 101] Network is unreachable
Connection failed, retrying: [Errno 101] Network is unreachable
Connection failed, retrying: [Errno 101] Network is unreachable
Connection failed, retrying: [Errno 101] Network is unreachable
Connection failed, retrying: [Errno 101] Network is unreachable
Connection failed, retrying: [Errno 101] Network is unreachable
Connection failed, retrying: [Errno 101] Network is unreachable
Connection failed, retrying: [Errno 101] Network is unreachable
Connection failed, retrying: [Errno 101] Network is unreachable
Connection failed, retrying: [Errno 101] Network is unreachable
Connection failed, retrying: [Errno 101] Network is unreachable
Connection failed, retrying: [Errno 101] Network is unreachable
Connection failed, retrying: [Errno 101] Network is unreachable
Connection failed, retrying: [Errno 101] Network is unreachable
Connection failed, retrying: [Errno 101] Network is unreachable
Connection failed, retrying: [Errno 101] Network is unreachable
Connection failed, retrying: [Errno 101] Network is unreachable
Connection failed, retrying: [Errno 101] Network is unreachable
Connection failed, retrying: [Errno 101] Network is unreachable
Connection failed, retrying: [Errno 101] Network is unreachable
Connection failed, retrying: [Errno 101] Network is unreachable
Connection failed, retrying: [Errno 101] Network is unreachable
Connection failed, retrying: [Errno 101] Network is unreachable
Connection failed, retrying: [Errno 101] Network is unreachable
Connection failed, retrying: [Errno 101] Network is unreachable
Connection failed, retrying: [Errno 101] Network is unreachable
Connection failed, retrying: [Errno 101] Network is unreachable
Connection failed, retrying: [Errno 101] Network is unreachable
Connection failed, retrying: [Errno 101] Network is unreachable
Connection failed, retrying: [Errno 101] Network is unreachable
Connection failed, retrying: [Errno 101] Network is unreachable
Connection failed, retrying: [Errno 101] Network is unreachable
Connection failed, retrying: [Errno 101] Network is unreachable
Connection failed, retrying: [Errno 101] Network is unreachable
Connection failed, retrying: [Errno 101] Network is unreachable
Connection failed, retrying: [Errno 101] Network is unreachable
Connection failed, retrying: [Errno 101] Network is unreachable
Connection failed, retrying: [Errno 101] Network is unreachable
Connection failed, retrying: [Errno 101] Network is unreachable
Connection failed, retrying: [Errno 101] Network is unreachable
Connection failed, retrying: [Errno 101] Network is unreachable
Connection failed, retrying: [Errno 101] Network is unreachable
Connection failed, retrying: [Errno 101] Network is unreachable
Connection failed, retrying: [Errno 101] Network is unreachable
Connection failed, retrying: [Errno 101] Network is unreachable
Connection failed, retrying: [Errno 101] Network is unreachable
Connection failed, retrying: [Errno 101] Network is unreachable
